<?xml version="1.0" encoding="UTF-8"?>
<!-- Generated by org.testng.reporters.JUnitReportReporter -->
<testsuite skipped="0" hostname="ReshmaB-PC" name="demo.loginvalidation" tests="1" failures="0" timestamp="22 May 2017 06:08:13 GMT" time="36.527" errors="0">
  <testcase name="Adminm" time="36.527" classname="demo.loginvalidation"/>
</testsuite> <!-- demo.loginvalidation -->
