<?xml version="1.0" encoding="UTF-8"?>
<!-- Generated by org.testng.reporters.JUnitReportReporter -->
<testsuite skipped="0" hostname="ReshmaB-PC" name="demo.HRMTest" tests="1" failures="0" timestamp="22 May 2017 09:08:20 GMT" time="96.875" errors="0">
  <testcase name="login" time="96.875" classname="demo.HRMTest"/>
</testsuite> <!-- demo.HRMTest -->
