<?xml version="1.0" encoding="UTF-8"?>
<!-- Generated by org.testng.reporters.JUnitReportReporter -->
<testsuite skipped="0" hostname="ReshmaB-PC" name="demo.Multiplewindowhandle" tests="3" failures="0" timestamp="22 Jun 2017 04:57:57 GMT" time="94.047" errors="0">
  <testcase name="setup" time="58.718" classname="demo.Multiplewindowhandle"/>
  <testcase name="width" time="17.957" classname="demo.Multiplewindowhandle"/>
  <testcase name="viewdropdownlist" time="17.372" classname="demo.Multiplewindowhandle"/>
</testsuite> <!-- demo.Multiplewindowhandle -->
